# JRE version: OpenJDK Runtime Environment Temurin-21.0.4+7 (21.0.4+7) (build 21.0.4+7-LTS)
# Java VM: OpenJDK 64-Bit Server VM Temurin-21.0.4+7 (21.0.4+7-LTS, mixed mode, emulated-client, tiered, compressed oops, compressed class ptrs, g1 gc, windows-amd64)
GC Precious Log:
 CardTable entry size: 512
 Card Set container configuration: InlinePtr #cards 4 size 8 Array Of Cards #cards 16 size 48 Howl #buckets 8 coarsen threshold 3686 Howl Bitmap #cards 512 size 80 coarsen threshold 460 Card regions per heap region 1 cards per card region 4096
 CPUs: 8 total, 8 available
 Memory: 12197M
 Large Page Support: Disabled
 NUMA Support: Disabled
 Compressed Oops: Enabled (Zero based)
 Heap Region Size: 2M
 Heap Min Capacity: 8M
 Heap Initial Capacity: 192M
 Heap Max Capacity: 3050M
 Pre-touch: Disabled
 Parallel Workers: 8
 Concurrent Workers: 2
 Concurrent Refinement Workers: 8
 Periodic GC: Disabled
Heap:
 garbage-first heap   total 145408K, used 65180K [0x0000000741600000, 0x0000000800000000)
  region size 2048K, 8 young (16384K), 3 survivors (6144K)
 Metaspace       used 61248K, committed 61824K, reserved 1114112K
  class space    used 7993K, committed 8256K, reserved 1048576K
GC Heap History (20 events):
Event: 4.441 GC heap before
{Heap before GC invocations=7 (full 0):
 garbage-first heap   total 61440K, used 45194K [0x0000000741600000, 0x0000000800000000)
  region size 2048K, 13 young (26624K), 2 survivors (4096K)
 Metaspace       used 31315K, committed 31808K, reserved 1114112K
  class space    used 3677K, committed 3904K, reserved 1048576K
}
Event: 4.447 GC heap after
{Heap after GC invocations=8 (full 0):
 garbage-first heap   total 83968K, used 25957K [0x0000000741600000, 0x0000000800000000)
  region size 2048K, 2 young (4096K), 2 survivors (4096K)
 Metaspace       used 31315K, committed 31808K, reserved 1114112K
  class space    used 3677K, committed 3904K, reserved 1048576K
}
Event: 4.626 GC heap before
{Heap before GC invocations=8 (full 0):
 garbage-first heap   total 83968K, used 62821K [0x0000000741600000, 0x0000000800000000)
  region size 2048K, 21 young (43008K), 2 survivors (4096K)
 Metaspace       used 31319K, committed 31808K, reserved 1114112K
  class space    used 3678K, committed 3904K, reserved 1048576K
}
Event: 4.637 GC heap after
{Heap after GC invocations=9 (full 0):
 garbage-first heap   total 83968K, used 29080K [0x0000000741600000, 0x0000000800000000)
  region size 2048K, 3 young (6144K), 3 survivors (6144K)
 Metaspace       used 31319K, committed 31808K, reserved 1114112K
  class space    used 3678K, committed 3904K, reserved 1048576K
}
Event: 4.800 GC heap before
{Heap before GC invocations=9 (full 0):
 garbage-first heap   total 83968K, used 63896K [0x0000000741600000, 0x0000000800000000)
  region size 2048K, 21 young (43008K), 3 survivors (6144K)
 Metaspace       used 31365K, committed 31808K, reserved 1114112K
  class space    used 3693K, committed 3904K, reserved 1048576K
}
Event: 4.815 GC heap after
{Heap after GC invocations=10 (full 0):
 garbage-first heap   total 83968K, used 33709K [0x0000000741600000, 0x0000000800000000)
  region size 2048K, 3 young (6144K), 3 survivors (6144K)
 Metaspace       used 31365K, committed 31808K, reserved 1114112K
  class space    used 3693K, committed 3904K, reserved 1048576K
}
Event: 4.978 GC heap before
{Heap before GC invocations=10 (full 0):
 garbage-first heap   total 83968K, used 66477K [0x0000000741600000, 0x0000000800000000)
  region size 2048K, 19 young (38912K), 3 survivors (6144K)
 Metaspace       used 31365K, committed 31808K, reserved 1114112K
  class space    used 3693K, committed 3904K, reserved 1048576K
}
Event: 4.992 GC heap after
{Heap after GC invocations=11 (full 0):
 garbage-first heap   total 83968K, used 37212K [0x0000000741600000, 0x0000000800000000)
  region size 2048K, 2 young (4096K), 2 survivors (4096K)
 Metaspace       used 31365K, committed 31808K, reserved 1114112K
  class space    used 3693K, committed 3904K, reserved 1048576K
}
Event: 5.232 GC heap before
{Heap before GC invocations=11 (full 0):
 garbage-first heap   total 83968K, used 67932K [0x0000000741600000, 0x0000000800000000)
  region size 2048K, 18 young (36864K), 2 survivors (4096K)
 Metaspace       used 32148K, committed 32576K, reserved 1114112K
  class space    used 3757K, committed 3968K, reserved 1048576K
}
Event: 5.240 GC heap after
{Heap after GC invocations=12 (full 0):
 garbage-first heap   total 145408K, used 40536K [0x0000000741600000, 0x0000000800000000)
  region size 2048K, 2 young (4096K), 2 survivors (4096K)
 Metaspace       used 32148K, committed 32576K, reserved 1114112K
  class space    used 3757K, committed 3968K, reserved 1048576K
}
Event: 6.325 GC heap before
{Heap before GC invocations=12 (full 0):
 garbage-first heap   total 145408K, used 77400K [0x0000000741600000, 0x0000000800000000)
  region size 2048K, 21 young (43008K), 2 survivors (4096K)
 Metaspace       used 35539K, committed 35968K, reserved 1114112K
  class space    used 4250K, committed 4480K, reserved 1048576K
}
Event: 6.337 GC heap after
{Heap after GC invocations=13 (full 0):
 garbage-first heap   total 145408K, used 43818K [0x0000000741600000, 0x0000000800000000)
  region size 2048K, 4 young (8192K), 4 survivors (8192K)
 Metaspace       used 35539K, committed 35968K, reserved 1114112K
  class space    used 4250K, committed 4480K, reserved 1048576K
}
Event: 6.921 GC heap before
{Heap before GC invocations=14 (full 0):
 garbage-first heap   total 145408K, used 121642K [0x0000000741600000, 0x0000000800000000)
  region size 2048K, 42 young (86016K), 4 survivors (8192K)
 Metaspace       used 35715K, committed 36160K, reserved 1114112K
  class space    used 4267K, committed 4480K, reserved 1048576K
}
Event: 6.935 GC heap after
{Heap after GC invocations=15 (full 0):
 garbage-first heap   total 145408K, used 48854K [0x0000000741600000, 0x0000000800000000)
  region size 2048K, 6 young (12288K), 6 survivors (12288K)
 Metaspace       used 35715K, committed 36160K, reserved 1114112K
  class space    used 4267K, committed 4480K, reserved 1048576K
}
Event: 8.540 GC heap before
{Heap before GC invocations=15 (full 0):
 garbage-first heap   total 145408K, used 120534K [0x0000000741600000, 0x0000000800000000)
  region size 2048K, 41 young (83968K), 6 survivors (12288K)
 Metaspace       used 41263K, committed 41792K, reserved 1114112K
  class space    used 5248K, committed 5440K, reserved 1048576K
}
Event: 8.565 GC heap after
{Heap after GC invocations=16 (full 0):
 garbage-first heap   total 145408K, used 51223K [0x0000000741600000, 0x0000000800000000)
  region size 2048K, 5 young (10240K), 5 survivors (10240K)
 Metaspace       used 41263K, committed 41792K, reserved 1114112K
  class space    used 5248K, committed 5440K, reserved 1048576K
}
Event: 10.103 GC heap before
{Heap before GC invocations=16 (full 0):
 garbage-first heap   total 145408K, used 122903K [0x0000000741600000, 0x0000000800000000)
  region size 2048K, 40 young (81920K), 5 survivors (10240K)
 Metaspace       used 48802K, committed 49472K, reserved 1114112K
  class space    used 6299K, committed 6592K, reserved 1048576K
}
Event: 10.114 GC heap after
{Heap after GC invocations=17 (full 0):
 garbage-first heap   total 145408K, used 54409K [0x0000000741600000, 0x0000000800000000)
  region size 2048K, 2 young (4096K), 2 survivors (4096K)
 Metaspace       used 48802K, committed 49472K, reserved 1114112K
  class space    used 6299K, committed 6592K, reserved 1048576K
}
Event: 11.472 GC heap before
{Heap before GC invocations=17 (full 0):
 garbage-first heap   total 145408K, used 87177K [0x0000000741600000, 0x0000000800000000)
  region size 2048K, 19 young (38912K), 2 survivors (4096K)
 Metaspace       used 59602K, committed 60160K, reserved 1114112K
  class space    used 7758K, committed 8000K, reserved 1048576K
}
Event: 11.478 GC heap after
{Heap after GC invocations=18 (full 0):
 garbage-first heap   total 145408K, used 56988K [0x0000000741600000, 0x0000000800000000)
  region size 2048K, 3 young (6144K), 3 survivors (6144K)
 Metaspace       used 59602K, committed 60160K, reserved 1114112K
  class space    used 7758K, committed 8000K, reserved 1048576K
}

